<?xml version="1.0" encoding="UTF-8"?>
<testsuite name="Way To Automation Simple Techniques"
           tests="3"
           failures="1"
           errors="0"
           skipped="2"
           time="0.000">
  <properties />
            <testcase name="initialize" time="0.000" classname="com.tranings.advanceselenium.waytoautomation.tests.TestConfigurations">
                <failure type="org.testng.TestNGException"
                  message="
Method initialize requires 1 parameters but 0 were supplied in the @Configuration annotation."
              >
<![CDATA[org.testng.TestNGException: 
Method initialize requires 1 parameters but 0 were supplied in the @Configuration annotation.
  org.testng.internal.Parameters.checkParameterTypes(Parameters.java:191)
  org.testng.internal.Parameters.createParameters(Parameters.java:127)
  org.testng.internal.Parameters.createParameters(Parameters.java:376)
  org.testng.internal.Parameters.createConfigurationParameters(Parameters.java:84)
  org.testng.internal.Invoker.invokeConfigurations(Invoker.java:197)
  org.testng.internal.Invoker.invokeConfigurations(Invoker.java:138)
  org.testng.TestRunner.beforeRun(TestRunner.java:648)
  org.testng.TestRunner.run(TestRunner.java:616)
  org.testng.SuiteRunner.runTest(SuiteRunner.java:359)
  org.testng.SuiteRunner.runSequentially(SuiteRunner.java:354)
  org.testng.SuiteRunner.privateRun(SuiteRunner.java:312)
  org.testng.SuiteRunner.run(SuiteRunner.java:261)
  org.testng.SuiteRunnerWorker.runSuite(SuiteRunnerWorker.java:52)
  org.testng.SuiteRunnerWorker.run(SuiteRunnerWorker.java:86)
  org.testng.TestNG.runSuitesSequentially(TestNG.java:1215)
  org.testng.TestNG.runSuitesSequentially(TestNG.java:1211)
  org.testng.TestNG.runSuitesLocally(TestNG.java:1140)
  org.testng.TestNG.run(TestNG.java:1048)
  org.testng.remote.AbstractRemoteTestNG.run(AbstractRemoteTestNG.java:126)
  org.testng.remote.RemoteTestNG.initAndRun(RemoteTestNG.java:152)
  org.testng.remote.RemoteTestNG.main(RemoteTestNG.java:57)
]]>
      </failure>

          </testcase>
  
            <testcase name="sendMail" time="0.0" classname="com.tranings.advanceselenium.waytoautomation.tests.TestConfigurations">
          <skipped />
    </testcase>
            <testcase name="closeProject" time="0.0" classname="com.tranings.advanceselenium.waytoautomation.tests.TestConfigurations">
          <skipped />
    </testcase>
  
  
</testsuite>
