<!DOCTYPE html PUBLIC "-//W3C//DTD XHTML 1.1//EN" "http://www.w3.org/TR/xhtml11/DTD/xhtml11.dtd">
<html xmlns="http://www.w3.org/1999/xhtml"><head><title>TestNG Report</title><style type="text/css">table {margin-bottom:10px;border-collapse:collapse;empty-cells:show}th,td {border:1px solid #009;padding:.25em .5em}th {vertical-align:bottom}td {vertical-align:top}table a {font-weight:bold}.stripe td {background-color: #E6EBF9}.num {text-align:right}.passedodd td {background-color: #3F3}.passedeven td {background-color: #0A0}.skippedodd td {background-color: #DDD}.skippedeven td {background-color: #CCC}.failedodd td,.attn {background-color: #F33}.failedeven td,.stripe .attn {background-color: #D00}.stacktrace {white-space:pre;font-family:monospace}.totop {font-size:85%;text-align:center;border-bottom:2px solid #000}</style></head><body><table><tr><th>Test</th><th># Passed</th><th># Skipped</th><th># Failed</th><th>Time (ms)</th><th>Included Groups</th><th>Excluded Groups</th></tr><tr><th colspan="7">Way To Automation</th></tr><tr><td><a href="#t0">Simple Web Elements</a></td><td class="num">0</td><td class="num attn">5</td><td class="num">0</td><td class="num">53</td><td></td><td></td></tr></table><table><thead><tr><th>Class</th><th>Method</th><th>Start</th><th>Time (ms)</th></tr></thead><tbody><tr><th colspan="4">Way To Automation</th></tr></tbody><tbody id="t0"><tr><th colspan="4">Simple Web Elements &#8212; failed (configuration methods)</th></tr><tr class="failedeven"><td rowspan="1">com.tranings.advanceselenium.waytoautomation.tests.TestScriptSimpleElements</td><td><a href="#m0">initialize</a></td><td rowspan="1">1473063956149</td><td rowspan="1">0</td></tr><tr><th colspan="4">Simple Web Elements &#8212; skipped (configuration methods)</th></tr><tr class="skippedeven"><td rowspan="1">com.tranings.advanceselenium.waytoautomation.tests.TestScriptSimpleElements</td><td><a href="#m1">closeProject</a></td><td rowspan="1">1473063987822</td><td rowspan="1">0</td></tr><tr><th colspan="4">Simple Web Elements &#8212; skipped</th></tr><tr class="skippedeven"><td rowspan="5">com.tranings.advanceselenium.waytoautomation.tests.TestScriptSimpleElements</td><td><a href="#m2">ToolTipTesting</a></td><td rowspan="1">1473063987664</td><td rowspan="1">3</td></tr><tr class="skippedeven"><td><a href="#m3">testAlert</a></td><td rowspan="1">1473063987670</td><td rowspan="1">2</td></tr><tr class="skippedeven"><td><a href="#m4">testDatePicker</a></td><td rowspan="1">1473063987674</td><td rowspan="1">2</td></tr><tr class="skippedeven"><td><a href="#m5">testDynamicElements</a></td><td rowspan="1">1473063987679</td><td rowspan="1">2</td></tr><tr class="skippedeven"><td><a href="#m6">testSelectables</a></td><td rowspan="1">1473063987682</td><td rowspan="1">1</td></tr></tbody></table><h2>Simple Web Elements</h2><h3 id="m0">com.tranings.advanceselenium.waytoautomation.tests.TestScriptSimpleElements#initialize</h3><table class="result"><tr><th>Exception</th></tr><tr><td><div class="stacktrace">org.openqa.selenium.remote.UnreachableBrowserException: Error communicating with the remote browser. It may have died.
Build info: version: &apos;2.49.0&apos;, revision: &apos;365eeb4&apos;, time: &apos;2016-01-13 18:33:29&apos;
System info: host: &apos;HomeLaptop-PC&apos;, ip: &apos;192.168.1.5&apos;, os.name: &apos;Windows 10&apos;, os.arch: &apos;amd64&apos;, os.version: &apos;10.0&apos;, java.version: &apos;1.8.0_65&apos;
Driver info: driver.version: RemoteWebDriver
Capabilities [{applicationCacheEnabled=true, rotatable=false, handlesAlerts=true, databaseEnabled=true, version=38.5.1, platform=WINDOWS, nativeEvents=false, acceptSslCerts=true, webStorageEnabled=true, locationContextEnabled=true, browserName=firefox, takesScreenshot=true, javascriptEnabled=true, cssSelectorsEnabled=true}]
Session ID: 3fa67be4-c07b-4693-8279-498a6e015daf
	at org.openqa.selenium.remote.RemoteWebDriver.execute(RemoteWebDriver.java:665)
	at org.openqa.selenium.remote.RemoteWebDriver.get(RemoteWebDriver.java:316)
	at com.tranings.advanceselenium.waytoautomation.system.Init.startBrowser(Init.java:29)
	at com.tranings.advanceselenium.waytoautomation.system.Init.initiate(Init.java:20)
	at com.tranings.advanceselenium.waytoautomation.tests.TestScriptSimpleElements.initialize(TestScriptSimpleElements.java:24)
Caused by: org.apache.http.conn.HttpHostConnectException: Connect to 127.0.0.1:7055 [/127.0.0.1] failed: Connection refused: connect
	at org.apache.http.impl.conn.DefaultHttpClientConnectionOperator.connect(DefaultHttpClientConnectionOperator.java:151)
	at org.apache.http.impl.conn.PoolingHttpClientConnectionManager.connect(PoolingHttpClientConnectionManager.java:353)
	at org.apache.http.impl.execchain.MainClientExec.establishRoute(MainClientExec.java:380)
	at org.apache.http.impl.execchain.MainClientExec.execute(MainClientExec.java:236)
	at org.apache.http.impl.execchain.ProtocolExec.execute(ProtocolExec.java:184)
	at org.apache.http.impl.execchain.RetryExec.execute(RetryExec.java:88)
	at org.apache.http.impl.execchain.RedirectExec.execute(RedirectExec.java:110)
	at org.apache.http.impl.client.InternalHttpClient.doExecute(InternalHttpClient.java:184)
	at org.apache.http.impl.client.CloseableHttpClient.execute(CloseableHttpClient.java:71)
	at org.apache.http.impl.client.CloseableHttpClient.execute(CloseableHttpClient.java:55)
	at org.openqa.selenium.remote.internal.ApacheHttpClient.fallBackExecute(ApacheHttpClient.java:161)
	at org.openqa.selenium.remote.internal.ApacheHttpClient.execute(ApacheHttpClient.java:89)
	at org.openqa.selenium.remote.HttpCommandExecutor.execute(HttpCommandExecutor.java:142)
	at org.openqa.selenium.firefox.internal.NewProfileExtensionConnection.execute(NewProfileExtensionConnection.java:170)
	at org.openqa.selenium.firefox.FirefoxDriver$LazyCommandExecutor.execute(FirefoxDriver.java:380)
	at org.openqa.selenium.remote.RemoteWebDriver.execute(RemoteWebDriver.java:644)
	... 22 more
Caused by: java.net.ConnectException: Connection refused: connect
	at java.net.DualStackPlainSocketImpl.waitForConnect(Native Method)
	at java.net.DualStackPlainSocketImpl.socketConnect(DualStackPlainSocketImpl.java:85)
	at java.net.AbstractPlainSocketImpl.doConnect(AbstractPlainSocketImpl.java:350)
	at java.net.AbstractPlainSocketImpl.connectToAddress(AbstractPlainSocketImpl.java:206)
	at java.net.AbstractPlainSocketImpl.connect(AbstractPlainSocketImpl.java:188)
	at java.net.PlainSocketImpl.connect(PlainSocketImpl.java:172)
	at java.net.SocksSocketImpl.connect(SocksSocketImpl.java:392)
	at java.net.Socket.connect(Socket.java:589)
	at org.apache.http.conn.socket.PlainConnectionSocketFactory.connectSocket(PlainConnectionSocketFactory.java:74)
	at org.apache.http.impl.conn.DefaultHttpClientConnectionOperator.connect(DefaultHttpClientConnectionOperator.java:134)
	... 37 more
... Removed 18 stack frames</div></td></tr></table><p class="totop"><a href="#summary">back to summary</a></p><h3 id="m1">com.tranings.advanceselenium.waytoautomation.tests.TestScriptSimpleElements#closeProject</h3><table class="result"></table><p class="totop"><a href="#summary">back to summary</a></p><h3 id="m2">com.tranings.advanceselenium.waytoautomation.tests.TestScriptSimpleElements#ToolTipTesting</h3><table class="result"></table><p class="totop"><a href="#summary">back to summary</a></p><h3 id="m3">com.tranings.advanceselenium.waytoautomation.tests.TestScriptSimpleElements#testAlert</h3><table class="result"></table><p class="totop"><a href="#summary">back to summary</a></p><h3 id="m4">com.tranings.advanceselenium.waytoautomation.tests.TestScriptSimpleElements#testDatePicker</h3><table class="result"></table><p class="totop"><a href="#summary">back to summary</a></p><h3 id="m5">com.tranings.advanceselenium.waytoautomation.tests.TestScriptSimpleElements#testDynamicElements</h3><table class="result"></table><p class="totop"><a href="#summary">back to summary</a></p><h3 id="m6">com.tranings.advanceselenium.waytoautomation.tests.TestScriptSimpleElements#testSelectables</h3><table class="result"></table><p class="totop"><a href="#summary">back to summary</a></p></body></html>