<?xml version="1.0" encoding="UTF-8"?>
<testng-results skipped="5" failed="0" total="5" passed="0">
  <reporter-output>
  </reporter-output>
  <suite name="Way To Automation" duration-ms="53" started-at="2016-09-05T08:26:27Z" finished-at="2016-09-05T08:26:27Z">
    <groups>
    </groups>
    <test name="Simple Web Elements" duration-ms="53" started-at="2016-09-05T08:26:27Z" finished-at="2016-09-05T08:26:27Z">
      <class name="com.tranings.advanceselenium.waytoautomation.tests.TestScriptSimpleElements">
        <test-method status="FAIL" signature="initialize()[pri:0, instance:com.tranings.advanceselenium.waytoautomation.tests.TestScriptSimpleElements@6536e911]" name="initialize" is-config="true" duration-ms="0" started-at="2016-09-05T13:55:56Z" finished-at="2016-09-05T13:55:56Z">
          <exception class="org.openqa.selenium.remote.UnreachableBrowserException">
            <message>
              <![CDATA[Error communicating with the remote browser. It may have died.
Build info: version: '2.49.0', revision: '365eeb4', time: '2016-01-13 18:33:29'
System info: host: 'HomeLaptop-PC', ip: '192.168.1.5', os.name: 'Windows 10', os.arch: 'amd64', os.version: '10.0', java.version: '1.8.0_65'
Driver info: driver.version: RemoteWebDriver
Capabilities [{applicationCacheEnabled=true, rotatable=false, handlesAlerts=true, databaseEnabled=true, version=38.5.1, platform=WINDOWS, nativeEvents=false, acceptSslCerts=true, webStorageEnabled=true, locationContextEnabled=true, browserName=firefox, takesScreenshot=true, javascriptEnabled=true, cssSelectorsEnabled=true}]
Session ID: 3fa67be4-c07b-4693-8279-498a6e015daf]]>
            </message>
            <full-stacktrace>
              <![CDATA[org.openqa.selenium.remote.UnreachableBrowserException: Error communicating with the remote browser. It may have died.
Build info: version: '2.49.0', revision: '365eeb4', time: '2016-01-13 18:33:29'
System info: host: 'HomeLaptop-PC', ip: '192.168.1.5', os.name: 'Windows 10', os.arch: 'amd64', os.version: '10.0', java.version: '1.8.0_65'
Driver info: driver.version: RemoteWebDriver
Capabilities [{applicationCacheEnabled=true, rotatable=false, handlesAlerts=true, databaseEnabled=true, version=38.5.1, platform=WINDOWS, nativeEvents=false, acceptSslCerts=true, webStorageEnabled=true, locationContextEnabled=true, browserName=firefox, takesScreenshot=true, javascriptEnabled=true, cssSelectorsEnabled=true}]
Session ID: 3fa67be4-c07b-4693-8279-498a6e015daf
	at org.openqa.selenium.remote.RemoteWebDriver.execute(RemoteWebDriver.java:665)
	at org.openqa.selenium.remote.RemoteWebDriver.get(RemoteWebDriver.java:316)
	at com.tranings.advanceselenium.waytoautomation.system.Init.startBrowser(Init.java:29)
	at com.tranings.advanceselenium.waytoautomation.system.Init.initiate(Init.java:20)
	at com.tranings.advanceselenium.waytoautomation.tests.TestScriptSimpleElements.initialize(TestScriptSimpleElements.java:24)
	at sun.reflect.NativeMethodAccessorImpl.invoke0(Native Method)
	at sun.reflect.NativeMethodAccessorImpl.invoke(NativeMethodAccessorImpl.java:62)
	at sun.reflect.DelegatingMethodAccessorImpl.invoke(DelegatingMethodAccessorImpl.java:43)
	at java.lang.reflect.Method.invoke(Method.java:497)
	at org.testng.internal.MethodInvocationHelper.invokeMethod(MethodInvocationHelper.java:85)
	at org.testng.internal.Invoker.invokeConfigurationMethod(Invoker.java:510)
	at org.testng.internal.Invoker.invokeConfigurations(Invoker.java:211)
	at org.testng.internal.Invoker.invokeConfigurations(Invoker.java:138)
	at org.testng.SuiteRunner.privateRun(SuiteRunner.java:298)
	at org.testng.SuiteRunner.run(SuiteRunner.java:261)
	at org.testng.SuiteRunnerWorker.runSuite(SuiteRunnerWorker.java:52)
	at org.testng.SuiteRunnerWorker.run(SuiteRunnerWorker.java:86)
	at org.testng.TestNG.runSuitesSequentially(TestNG.java:1215)
	at org.testng.TestNG.runSuitesLocally(TestNG.java:1140)
	at org.testng.TestNG.run(TestNG.java:1048)
	at org.testng.remote.AbstractRemoteTestNG.run(AbstractRemoteTestNG.java:126)
	at org.testng.remote.RemoteTestNG.initAndRun(RemoteTestNG.java:152)
	at org.testng.remote.RemoteTestNG.main(RemoteTestNG.java:57)
Caused by: org.apache.http.conn.HttpHostConnectException: Connect to 127.0.0.1:7055 [/127.0.0.1] failed: Connection refused: connect
	at org.apache.http.impl.conn.DefaultHttpClientConnectionOperator.connect(DefaultHttpClientConnectionOperator.java:151)
	at org.apache.http.impl.conn.PoolingHttpClientConnectionManager.connect(PoolingHttpClientConnectionManager.java:353)
	at org.apache.http.impl.execchain.MainClientExec.establishRoute(MainClientExec.java:380)
	at org.apache.http.impl.execchain.MainClientExec.execute(MainClientExec.java:236)
	at org.apache.http.impl.execchain.ProtocolExec.execute(ProtocolExec.java:184)
	at org.apache.http.impl.execchain.RetryExec.execute(RetryExec.java:88)
	at org.apache.http.impl.execchain.RedirectExec.execute(RedirectExec.java:110)
	at org.apache.http.impl.client.InternalHttpClient.doExecute(InternalHttpClient.java:184)
	at org.apache.http.impl.client.CloseableHttpClient.execute(CloseableHttpClient.java:71)
	at org.apache.http.impl.client.CloseableHttpClient.execute(CloseableHttpClient.java:55)
	at org.openqa.selenium.remote.internal.ApacheHttpClient.fallBackExecute(ApacheHttpClient.java:161)
	at org.openqa.selenium.remote.internal.ApacheHttpClient.execute(ApacheHttpClient.java:89)
	at org.openqa.selenium.remote.HttpCommandExecutor.execute(HttpCommandExecutor.java:142)
	at org.openqa.selenium.firefox.internal.NewProfileExtensionConnection.execute(NewProfileExtensionConnection.java:170)
	at org.openqa.selenium.firefox.FirefoxDriver$LazyCommandExecutor.execute(FirefoxDriver.java:380)
	at org.openqa.selenium.remote.RemoteWebDriver.execute(RemoteWebDriver.java:644)
	... 22 more
Caused by: java.net.ConnectException: Connection refused: connect
	at java.net.DualStackPlainSocketImpl.waitForConnect(Native Method)
	at java.net.DualStackPlainSocketImpl.socketConnect(DualStackPlainSocketImpl.java:85)
	at java.net.AbstractPlainSocketImpl.doConnect(AbstractPlainSocketImpl.java:350)
	at java.net.AbstractPlainSocketImpl.connectToAddress(AbstractPlainSocketImpl.java:206)
	at java.net.AbstractPlainSocketImpl.connect(AbstractPlainSocketImpl.java:188)
	at java.net.PlainSocketImpl.connect(PlainSocketImpl.java:172)
	at java.net.SocksSocketImpl.connect(SocksSocketImpl.java:392)
	at java.net.Socket.connect(Socket.java:589)
	at org.apache.http.conn.socket.PlainConnectionSocketFactory.connectSocket(PlainConnectionSocketFactory.java:74)
	at org.apache.http.impl.conn.DefaultHttpClientConnectionOperator.connect(DefaultHttpClientConnectionOperator.java:134)
	... 37 more
]]>
            </full-stacktrace>
          </exception> <!-- org.openqa.selenium.remote.UnreachableBrowserException -->
          <reporter-output>
          </reporter-output>
        </test-method> <!-- initialize -->
        <test-method status="SKIP" signature="ToolTipTesting()[pri:0, instance:com.tranings.advanceselenium.waytoautomation.tests.TestScriptSimpleElements@6536e911]" name="ToolTipTesting" duration-ms="3" started-at="2016-09-05T13:56:27Z" finished-at="2016-09-05T13:56:27Z">
          <reporter-output>
          </reporter-output>
        </test-method> <!-- ToolTipTesting -->
        <test-method status="SKIP" signature="testAlert()[pri:0, instance:com.tranings.advanceselenium.waytoautomation.tests.TestScriptSimpleElements@6536e911]" name="testAlert" duration-ms="2" started-at="2016-09-05T13:56:27Z" finished-at="2016-09-05T13:56:27Z">
          <reporter-output>
          </reporter-output>
        </test-method> <!-- testAlert -->
        <test-method status="SKIP" signature="testDatePicker()[pri:0, instance:com.tranings.advanceselenium.waytoautomation.tests.TestScriptSimpleElements@6536e911]" name="testDatePicker" duration-ms="2" started-at="2016-09-05T13:56:27Z" finished-at="2016-09-05T13:56:27Z">
          <reporter-output>
          </reporter-output>
        </test-method> <!-- testDatePicker -->
        <test-method status="SKIP" signature="testDynamicElements()[pri:0, instance:com.tranings.advanceselenium.waytoautomation.tests.TestScriptSimpleElements@6536e911]" name="testDynamicElements" duration-ms="2" started-at="2016-09-05T13:56:27Z" finished-at="2016-09-05T13:56:27Z">
          <reporter-output>
          </reporter-output>
        </test-method> <!-- testDynamicElements -->
        <test-method status="SKIP" signature="testSelectables()[pri:0, instance:com.tranings.advanceselenium.waytoautomation.tests.TestScriptSimpleElements@6536e911]" name="testSelectables" duration-ms="1" started-at="2016-09-05T13:56:27Z" finished-at="2016-09-05T13:56:27Z">
          <reporter-output>
          </reporter-output>
        </test-method> <!-- testSelectables -->
        <test-method status="SKIP" signature="closeProject()[pri:0, instance:com.tranings.advanceselenium.waytoautomation.tests.TestScriptSimpleElements@6536e911]" name="closeProject" is-config="true" duration-ms="0" started-at="2016-09-05T13:56:27Z" finished-at="2016-09-05T13:56:27Z">
          <reporter-output>
          </reporter-output>
        </test-method> <!-- closeProject -->
      </class> <!-- com.tranings.advanceselenium.waytoautomation.tests.TestScriptSimpleElements -->
    </test> <!-- Simple Web Elements -->
  </suite> <!-- Way To Automation -->
</testng-results>
